<?xml version="1.0" encoding="UTF-8"?>
<testng-results ignored="0" total="2" passed="2" failed="0" skipped="0">
  <reporter-output>
  </reporter-output>
  <suite started-at="2024-09-23T14:41:00 IST" name="Suite" finished-at="2024-09-23T14:43:56 IST" duration-ms="176056">
    <groups>
      <group name="cucumber">
        <method signature="AbstractTestNGCucumberTests.runScenario(io.cucumber.testng.PickleWrapper,io.cucumber.testng.FeatureWrapper)[pri:0, instance:runner_pack.Test_runner@231f98ef]" name="runScenario" class="io.cucumber.testng.AbstractTestNGCucumberTests"/>
        <method signature="AbstractTestNGCucumberTests.runScenario(io.cucumber.testng.PickleWrapper,io.cucumber.testng.FeatureWrapper)[pri:0, instance:runner_pack.Test_runner@673fdbce]" name="runScenario" class="io.cucumber.testng.AbstractTestNGCucumberTests"/>
      </group> <!-- cucumber -->
    </groups>
    <test started-at="2024-09-23T14:41:00 IST" name="chromeTest" finished-at="2024-09-23T14:43:55 IST" duration-ms="175206">
      <class name="runner_pack.Test_runner">
        <test-method is-config="true" signature="setBrowser(java.lang.String)[pri:0, instance:runner_pack.Test_runner@231f98ef]" started-at="2024-09-23T14:41:00 IST" name="setBrowser" finished-at="2024-09-23T14:41:00 IST" duration-ms="31" status="PASS">
          <params>
            <param index="0">
              <value>
                <![CDATA[chrome]]>
              </value>
            </param>
          </params>
          <reporter-output>
          </reporter-output>
        </test-method> <!-- setBrowser -->
        <test-method is-config="true" signature="setUpClass(org.testng.ITestContext)[pri:0, instance:runner_pack.Test_runner@231f98ef]" started-at="2024-09-23T14:41:00 IST" name="setUpClass" finished-at="2024-09-23T14:41:01 IST" duration-ms="1161" status="PASS">
          <params>
            <param index="0">
              <value>
                <![CDATA[org.testng.TestRunner@642a7222]]>
              </value>
            </param>
          </params>
          <reporter-output>
          </reporter-output>
        </test-method> <!-- setUpClass -->
        <test-method signature="runScenario(io.cucumber.testng.PickleWrapper,io.cucumber.testng.FeatureWrapper)[pri:0, instance:runner_pack.Test_runner@231f98ef]" started-at="2024-09-23T14:41:01 IST" name="runScenario" description="Runs Cucumber Scenarios" data-provider="scenarios" finished-at="2024-09-23T14:43:55 IST" duration-ms="173689" status="PASS">
          <params>
            <param index="0">
              <value>
                <![CDATA["Validate the create order functionality by creating liquor order"]]>
              </value>
            </param>
            <param index="1">
              <value>
                <![CDATA["Test the create order functionality in Dufry appliaction"]]>
              </value>
            </param>
          </params>
          <reporter-output>
          </reporter-output>
        </test-method> <!-- runScenario -->
        <test-method is-config="true" signature="tearDownClass()[pri:0, instance:runner_pack.Test_runner@231f98ef]" started-at="2024-09-23T14:43:55 IST" name="tearDownClass" finished-at="2024-09-23T14:43:55 IST" duration-ms="214" status="PASS">
          <reporter-output>
          </reporter-output>
        </test-method> <!-- tearDownClass -->
      </class> <!-- runner_pack.Test_runner -->
    </test> <!-- chromeTest -->
    <test started-at="2024-09-23T14:41:00 IST" name="edgeTest" finished-at="2024-09-23T14:43:56 IST" duration-ms="176055">
      <class name="runner_pack.Test_runner">
        <test-method is-config="true" signature="setBrowser(java.lang.String)[pri:0, instance:runner_pack.Test_runner@673fdbce]" started-at="2024-09-23T14:41:00 IST" name="setBrowser" finished-at="2024-09-23T14:41:00 IST" duration-ms="31" status="PASS">
          <params>
            <param index="0">
              <value>
                <![CDATA[edge]]>
              </value>
            </param>
          </params>
          <reporter-output>
          </reporter-output>
        </test-method> <!-- setBrowser -->
        <test-method is-config="true" signature="setUpClass(org.testng.ITestContext)[pri:0, instance:runner_pack.Test_runner@673fdbce]" started-at="2024-09-23T14:41:00 IST" name="setUpClass" finished-at="2024-09-23T14:41:01 IST" duration-ms="1157" status="PASS">
          <params>
            <param index="0">
              <value>
                <![CDATA[org.testng.TestRunner@7d322cad]]>
              </value>
            </param>
          </params>
          <reporter-output>
          </reporter-output>
        </test-method> <!-- setUpClass -->
        <test-method signature="runScenario(io.cucumber.testng.PickleWrapper,io.cucumber.testng.FeatureWrapper)[pri:0, instance:runner_pack.Test_runner@673fdbce]" started-at="2024-09-23T14:41:01 IST" name="runScenario" description="Runs Cucumber Scenarios" data-provider="scenarios" finished-at="2024-09-23T14:43:56 IST" duration-ms="174706" status="PASS">
          <params>
            <param index="0">
              <value>
                <![CDATA["Validate the create order functionality by creating liquor order"]]>
              </value>
            </param>
            <param index="1">
              <value>
                <![CDATA["Test the create order functionality in Dufry appliaction"]]>
              </value>
            </param>
          </params>
          <reporter-output>
          </reporter-output>
        </test-method> <!-- runScenario -->
        <test-method is-config="true" signature="tearDownClass()[pri:0, instance:runner_pack.Test_runner@673fdbce]" started-at="2024-09-23T14:43:56 IST" name="tearDownClass" finished-at="2024-09-23T14:43:56 IST" duration-ms="81" status="PASS">
          <reporter-output>
          </reporter-output>
        </test-method> <!-- tearDownClass -->
      </class> <!-- runner_pack.Test_runner -->
    </test> <!-- edgeTest -->
  </suite> <!-- Suite -->
</testng-results>
