<?xml version="1.0" encoding="UTF-8"?>
<testng-results ignored="0" total="2" passed="2" failed="0" skipped="0">
  <reporter-output>
  </reporter-output>
  <suite started-at="2024-07-25T17:19:51 IST" name="Suite" finished-at="2024-07-25T17:21:24 IST" duration-ms="93304">
    <groups>
      <group name="cucumber">
        <method signature="AbstractTestNGCucumberTests.runScenario(io.cucumber.testng.PickleWrapper,io.cucumber.testng.FeatureWrapper)[pri:0, instance:testRunner.Runner@536f2a7e]" name="runScenario" class="io.cucumber.testng.AbstractTestNGCucumberTests"/>
        <method signature="AbstractTestNGCucumberTests.runScenario(io.cucumber.testng.PickleWrapper,io.cucumber.testng.FeatureWrapper)[pri:0, instance:testRunner.Runner@69c81773]" name="runScenario" class="io.cucumber.testng.AbstractTestNGCucumberTests"/>
      </group> <!-- cucumber -->
    </groups>
    <test started-at="2024-07-25T17:19:51 IST" name="edgeTest" finished-at="2024-07-25T17:21:24 IST" duration-ms="93304">
      <class name="testRunner.Runner">
        <test-method is-config="true" signature="setBrowser(java.lang.String)[pri:0, instance:testRunner.Runner@69c81773]" started-at="2024-07-25T17:19:51 IST" name="setBrowser" finished-at="2024-07-25T17:19:51 IST" duration-ms="58" status="PASS">
          <params>
            <param index="0">
              <value>
                <![CDATA[edge]]>
              </value>
            </param>
          </params>
          <reporter-output>
          </reporter-output>
        </test-method> <!-- setBrowser -->
        <test-method is-config="true" signature="setUpClass(org.testng.ITestContext)[pri:0, instance:testRunner.Runner@69c81773]" started-at="2024-07-25T17:19:51 IST" name="setUpClass" finished-at="2024-07-25T17:19:53 IST" duration-ms="1700" status="PASS">
          <params>
            <param index="0">
              <value>
                <![CDATA[org.testng.TestRunner@68746f22]]>
              </value>
            </param>
          </params>
          <reporter-output>
          </reporter-output>
        </test-method> <!-- setUpClass -->
        <test-method signature="runScenario(io.cucumber.testng.PickleWrapper,io.cucumber.testng.FeatureWrapper)[pri:0, instance:testRunner.Runner@69c81773]" started-at="2024-07-25T17:19:53 IST" name="runScenario" description="Runs Cucumber Scenarios" data-provider="scenarios" finished-at="2024-07-25T17:21:24 IST" duration-ms="91327" status="PASS">
          <params>
            <param index="0">
              <value>
                <![CDATA["Validate the login functionality with valid credentials"]]>
              </value>
            </param>
            <param index="1">
              <value>
                <![CDATA["Validate the login functionality of ESS application"]]>
              </value>
            </param>
          </params>
          <reporter-output>
          </reporter-output>
        </test-method> <!-- runScenario -->
        <test-method is-config="true" signature="tearDownClass()[pri:0, instance:testRunner.Runner@69c81773]" started-at="2024-07-25T17:21:24 IST" name="tearDownClass" finished-at="2024-07-25T17:21:24 IST" duration-ms="100" status="PASS">
          <reporter-output>
          </reporter-output>
        </test-method> <!-- tearDownClass -->
      </class> <!-- testRunner.Runner -->
    </test> <!-- edgeTest -->
    <test started-at="2024-07-25T17:19:51 IST" name="chromeTest" finished-at="2024-07-25T17:21:23 IST" duration-ms="92304">
      <class name="testRunner.Runner">
        <test-method is-config="true" signature="setBrowser(java.lang.String)[pri:0, instance:testRunner.Runner@536f2a7e]" started-at="2024-07-25T17:19:51 IST" name="setBrowser" finished-at="2024-07-25T17:19:51 IST" duration-ms="57" status="PASS">
          <params>
            <param index="0">
              <value>
                <![CDATA[chrome]]>
              </value>
            </param>
          </params>
          <reporter-output>
          </reporter-output>
        </test-method> <!-- setBrowser -->
        <test-method is-config="true" signature="setUpClass(org.testng.ITestContext)[pri:0, instance:testRunner.Runner@536f2a7e]" started-at="2024-07-25T17:19:51 IST" name="setUpClass" finished-at="2024-07-25T17:19:53 IST" duration-ms="1698" status="PASS">
          <params>
            <param index="0">
              <value>
                <![CDATA[org.testng.TestRunner@2f01783a]]>
              </value>
            </param>
          </params>
          <reporter-output>
          </reporter-output>
        </test-method> <!-- setUpClass -->
        <test-method signature="runScenario(io.cucumber.testng.PickleWrapper,io.cucumber.testng.FeatureWrapper)[pri:0, instance:testRunner.Runner@536f2a7e]" started-at="2024-07-25T17:19:53 IST" name="runScenario" description="Runs Cucumber Scenarios" data-provider="scenarios" finished-at="2024-07-25T17:21:22 IST" duration-ms="89384" status="PASS">
          <params>
            <param index="0">
              <value>
                <![CDATA["Validate the login functionality with valid credentials"]]>
              </value>
            </param>
            <param index="1">
              <value>
                <![CDATA["Validate the login functionality of ESS application"]]>
              </value>
            </param>
          </params>
          <reporter-output>
          </reporter-output>
        </test-method> <!-- runScenario -->
        <test-method is-config="true" signature="tearDownClass()[pri:0, instance:testRunner.Runner@536f2a7e]" started-at="2024-07-25T17:21:22 IST" name="tearDownClass" finished-at="2024-07-25T17:21:23 IST" duration-ms="1031" status="PASS">
          <reporter-output>
          </reporter-output>
        </test-method> <!-- tearDownClass -->
      </class> <!-- testRunner.Runner -->
    </test> <!-- chromeTest -->
  </suite> <!-- Suite -->
</testng-results>
