<?xml version="1.0" encoding="UTF-8"?>
<testng-results ignored="0" total="1" passed="1" failed="0" skipped="0">
  <reporter-output>
  </reporter-output>
  <suite started-at="2024-10-08T18:57:55 IST" name="Default suite" finished-at="2024-10-08T18:57:55 IST" duration-ms="130">
    <groups>
    </groups>
    <test started-at="2024-10-08T18:57:55 IST" name="Default test" finished-at="2024-10-08T18:57:55 IST" duration-ms="130">
      <class name="dc.DataBind_Filereading">
        <test-method signature="readJson()[pri:0, instance:dc.DataBind_Filereading@c05fddc]" started-at="2024-10-08T18:57:55 IST" name="readJson" finished-at="2024-10-08T18:57:55 IST" duration-ms="21" status="PASS">
          <reporter-output>
          </reporter-output>
        </test-method> <!-- readJson -->
      </class> <!-- dc.DataBind_Filereading -->
    </test> <!-- Default test -->
  </suite> <!-- Default suite -->
</testng-results>
