# JRE version: OpenJDK Runtime Environment Temurin-17.0.9+9 (17.0.9+9) (build 17.0.9+9)
# Java VM: OpenJDK 64-Bit Server VM Temurin-17.0.9+9 (17.0.9+9, mixed mode, tiered, compressed oops, compressed class ptrs, g1 gc, windows-amd64)
GC Precious Log:
 CPUs: 4 total, 4 available
 Memory: 8072M
 Large Page Support: Disabled
 NUMA Support: Disabled
 Compressed Oops: Enabled (32-bit)
 Heap Region Size: 1M
 Heap Min Capacity: 8M
 Heap Initial Capacity: 128M
 Heap Max Capacity: 2020M
 Pre-touch: Disabled
 Parallel Workers: 4
 Concurrent Workers: 1
 Concurrent Refinement Workers: 4
 Periodic GC: Disabled
Heap:
 garbage-first heap   total 30720K, used 16979K [0x0000000081c00000, 0x0000000100000000)
  region size 1024K, 7 young (7168K), 1 survivors (1024K)
 Metaspace       used 33973K, committed 34432K, reserved 1114112K
  class space    used 4062K, committed 4224K, reserved 1048576K
GC Heap History (16 events):
Event: 2.075 GC heap before
{Heap before GC invocations=0 (full 0):
 garbage-first heap   total 131072K, used 12288K [0x0000000081c00000, 0x0000000100000000)
  region size 1024K, 13 young (13312K), 0 survivors (0K)
 Metaspace       used 12062K, committed 12224K, reserved 1114112K
  class space    used 1144K, committed 1216K, reserved 1048576K
}
Event: 2.081 GC heap after
{Heap after GC invocations=1 (full 0):
 garbage-first heap   total 131072K, used 4436K [0x0000000081c00000, 0x0000000100000000)
  region size 1024K, 2 young (2048K), 2 survivors (2048K)
 Metaspace       used 12062K, committed 12224K, reserved 1114112K
  class space    used 1144K, committed 1216K, reserved 1048576K
}
Event: 2.570 GC heap before
{Heap before GC invocations=1 (full 0):
 garbage-first heap   total 131072K, used 15700K [0x0000000081c00000, 0x0000000100000000)
  region size 1024K, 13 young (13312K), 2 survivors (2048K)
 Metaspace       used 15336K, committed 15552K, reserved 1114112K
  class space    used 1558K, committed 1664K, reserved 1048576K
}
Event: 2.575 GC heap after
{Heap after GC invocations=2 (full 0):
 garbage-first heap   total 131072K, used 5241K [0x0000000081c00000, 0x0000000100000000)
  region size 1024K, 1 young (1024K), 1 survivors (1024K)
 Metaspace       used 15336K, committed 15552K, reserved 1114112K
  class space    used 1558K, committed 1664K, reserved 1048576K
}
Event: 3.235 GC heap before
{Heap before GC invocations=2 (full 0):
 garbage-first heap   total 131072K, used 27769K [0x0000000081c00000, 0x0000000100000000)
  region size 1024K, 25 young (25600K), 1 survivors (1024K)
 Metaspace       used 21237K, committed 21504K, reserved 1114112K
  class space    used 2295K, committed 2432K, reserved 1048576K
}
Event: 3.239 GC heap after
{Heap after GC invocations=3 (full 0):
 garbage-first heap   total 131072K, used 6840K [0x0000000081c00000, 0x0000000100000000)
  region size 1024K, 3 young (3072K), 3 survivors (3072K)
 Metaspace       used 21237K, committed 21504K, reserved 1114112K
  class space    used 2295K, committed 2432K, reserved 1048576K
}
Event: 3.878 GC heap before
{Heap before GC invocations=4 (full 0):
 garbage-first heap   total 30720K, used 20152K [0x0000000081c00000, 0x0000000100000000)
  region size 1024K, 18 young (18432K), 3 survivors (3072K)
 Metaspace       used 23976K, committed 24256K, reserved 1114112K
  class space    used 2692K, committed 2816K, reserved 1048576K
}
Event: 3.884 GC heap after
{Heap after GC invocations=5 (full 0):
 garbage-first heap   total 30720K, used 8228K [0x0000000081c00000, 0x0000000100000000)
  region size 1024K, 4 young (4096K), 4 survivors (4096K)
 Metaspace       used 23976K, committed 24256K, reserved 1114112K
  class space    used 2692K, committed 2816K, reserved 1048576K
}
Event: 4.062 GC heap before
{Heap before GC invocations=5 (full 0):
 garbage-first heap   total 30720K, used 9252K [0x0000000081c00000, 0x0000000100000000)
  region size 1024K, 5 young (5120K), 4 survivors (4096K)
 Metaspace       used 24185K, committed 24512K, reserved 1114112K
  class space    used 2729K, committed 2880K, reserved 1048576K
}
Event: 4.067 GC heap after
{Heap after GC invocations=6 (full 0):
 garbage-first heap   total 30720K, used 8536K [0x0000000081c00000, 0x0000000100000000)
  region size 1024K, 1 young (1024K), 1 survivors (1024K)
 Metaspace       used 24185K, committed 24512K, reserved 1114112K
  class space    used 2729K, committed 2880K, reserved 1048576K
}
Event: 11.558 GC heap before
{Heap before GC invocations=6 (full 0):
 garbage-first heap   total 30720K, used 18776K [0x0000000081c00000, 0x0000000100000000)
  region size 1024K, 12 young (12288K), 1 survivors (1024K)
 Metaspace       used 26690K, committed 27072K, reserved 1114112K
  class space    used 3155K, committed 3328K, reserved 1048576K
}
Event: 11.560 GC heap after
{Heap after GC invocations=7 (full 0):
 garbage-first heap   total 30720K, used 8988K [0x0000000081c00000, 0x0000000100000000)
  region size 1024K, 2 young (2048K), 2 survivors (2048K)
 Metaspace       used 26690K, committed 27072K, reserved 1114112K
  class space    used 3155K, committed 3328K, reserved 1048576K
}
Event: 12.697 GC heap before
{Heap before GC invocations=7 (full 0):
 garbage-first heap   total 30720K, used 20252K [0x0000000081c00000, 0x0000000100000000)
  region size 1024K, 13 young (13312K), 2 survivors (2048K)
 Metaspace       used 30833K, committed 31296K, reserved 1114112K
  class space    used 3629K, committed 3840K, reserved 1048576K
}
Event: 12.702 GC heap after
{Heap after GC invocations=8 (full 0):
 garbage-first heap   total 30720K, used 10912K [0x0000000081c00000, 0x0000000100000000)
  region size 1024K, 2 young (2048K), 2 survivors (2048K)
 Metaspace       used 30833K, committed 31296K, reserved 1114112K
  class space    used 3629K, committed 3840K, reserved 1048576K
}
Event: 44.691 GC heap before
{Heap before GC invocations=8 (full 0):
 garbage-first heap   total 30720K, used 20128K [0x0000000081c00000, 0x0000000100000000)
  region size 1024K, 12 young (12288K), 2 survivors (2048K)
 Metaspace       used 33037K, committed 33536K, reserved 1114112K
  class space    used 3943K, committed 4160K, reserved 1048576K
}
Event: 44.696 GC heap after
{Heap after GC invocations=9 (full 0):
 garbage-first heap   total 30720K, used 11859K [0x0000000081c00000, 0x0000000100000000)
  region size 1024K, 1 young (1024K), 1 survivors (1024K)
 Metaspace       used 33037K, committed 33536K, reserved 1114112K
  class space    used 3943K, committed 4160K, reserved 1048576K
}

