# JRE version: OpenJDK Runtime Environment Temurin-17.0.9+9 (17.0.9+9) (build 17.0.9+9)
# Java VM: OpenJDK 64-Bit Server VM Temurin-17.0.9+9 (17.0.9+9, mixed mode, tiered, compressed oops, compressed class ptrs, g1 gc, windows-amd64)
GC Precious Log:
 CPUs: 4 total, 4 available
 Memory: 8072M
 Large Page Support: Disabled
 NUMA Support: Disabled
 Compressed Oops: Enabled (32-bit)
 Heap Region Size: 1M
 Heap Min Capacity: 8M
 Heap Initial Capacity: 128M
 Heap Max Capacity: 2020M
 Pre-touch: Disabled
 Parallel Workers: 4
 Concurrent Workers: 1
 Concurrent Refinement Workers: 4
 Periodic GC: Disabled
Heap:
 garbage-first heap   total 30720K, used 13586K [0x0000000081c00000, 0x0000000100000000)
  region size 1024K, 4 young (4096K), 2 survivors (2048K)
 Metaspace       used 34670K, committed 35200K, reserved 1114112K
  class space    used 4066K, committed 4288K, reserved 1048576K
GC Heap History (20 events):
Event: 2.440 GC heap before
{Heap before GC invocations=0 (full 0):
 garbage-first heap   total 131072K, used 12288K [0x0000000081c00000, 0x0000000100000000)
  region size 1024K, 13 young (13312K), 0 survivors (0K)
 Metaspace       used 12122K, committed 12288K, reserved 1114112K
  class space    used 1148K, committed 1216K, reserved 1048576K
}
Event: 2.454 GC heap after
{Heap after GC invocations=1 (full 0):
 garbage-first heap   total 131072K, used 4556K [0x0000000081c00000, 0x0000000100000000)
  region size 1024K, 2 young (2048K), 2 survivors (2048K)
 Metaspace       used 12122K, committed 12288K, reserved 1114112K
  class space    used 1148K, committed 1216K, reserved 1048576K
}
Event: 3.444 GC heap before
{Heap before GC invocations=1 (full 0):
 garbage-first heap   total 131072K, used 16844K [0x0000000081c00000, 0x0000000100000000)
  region size 1024K, 14 young (14336K), 2 survivors (2048K)
 Metaspace       used 15631K, committed 16000K, reserved 1114112K
  class space    used 1601K, committed 1792K, reserved 1048576K
}
Event: 3.448 GC heap after
{Heap after GC invocations=2 (full 0):
 garbage-first heap   total 131072K, used 5167K [0x0000000081c00000, 0x0000000100000000)
  region size 1024K, 1 young (1024K), 1 survivors (1024K)
 Metaspace       used 15631K, committed 16000K, reserved 1114112K
  class space    used 1601K, committed 1792K, reserved 1048576K
}
Event: 4.287 GC heap before
{Heap before GC invocations=2 (full 0):
 garbage-first heap   total 131072K, used 26671K [0x0000000081c00000, 0x0000000100000000)
  region size 1024K, 24 young (24576K), 1 survivors (1024K)
 Metaspace       used 21254K, committed 21504K, reserved 1114112K
  class space    used 2298K, committed 2432K, reserved 1048576K
}
Event: 4.292 GC heap after
{Heap after GC invocations=3 (full 0):
 garbage-first heap   total 131072K, used 6770K [0x0000000081c00000, 0x0000000100000000)
  region size 1024K, 3 young (3072K), 3 survivors (3072K)
 Metaspace       used 21254K, committed 21504K, reserved 1114112K
  class space    used 2298K, committed 2432K, reserved 1048576K
}
Event: 5.151 GC heap before
{Heap before GC invocations=4 (full 0):
 garbage-first heap   total 30720K, used 20082K [0x0000000081c00000, 0x0000000100000000)
  region size 1024K, 18 young (18432K), 3 survivors (3072K)
 Metaspace       used 24217K, committed 24512K, reserved 1114112K
  class space    used 2723K, committed 2880K, reserved 1048576K
}
Event: 5.158 GC heap after
{Heap after GC invocations=5 (full 0):
 garbage-first heap   total 30720K, used 8182K [0x0000000081c00000, 0x0000000100000000)
  region size 1024K, 2 young (2048K), 2 survivors (2048K)
 Metaspace       used 24217K, committed 24512K, reserved 1114112K
  class space    used 2723K, committed 2880K, reserved 1048576K
}
Event: 5.209 GC heap before
{Heap before GC invocations=5 (full 0):
 garbage-first heap   total 30720K, used 9206K [0x0000000081c00000, 0x0000000100000000)
  region size 1024K, 3 young (3072K), 2 survivors (2048K)
 Metaspace       used 24398K, committed 24704K, reserved 1114112K
  class space    used 2757K, committed 2880K, reserved 1048576K
}
Event: 5.212 GC heap after
{Heap after GC invocations=6 (full 0):
 garbage-first heap   total 30720K, used 8487K [0x0000000081c00000, 0x0000000100000000)
  region size 1024K, 1 young (1024K), 1 survivors (1024K)
 Metaspace       used 24398K, committed 24704K, reserved 1114112K
  class space    used 2757K, committed 2880K, reserved 1048576K
}
Event: 9.950 GC heap before
{Heap before GC invocations=6 (full 0):
 garbage-first heap   total 30720K, used 19751K [0x0000000081c00000, 0x0000000100000000)
  region size 1024K, 12 young (12288K), 1 survivors (1024K)
 Metaspace       used 27074K, committed 27456K, reserved 1114112K
  class space    used 3203K, committed 3392K, reserved 1048576K
}
Event: 9.953 GC heap after
{Heap after GC invocations=7 (full 0):
 garbage-first heap   total 30720K, used 9295K [0x0000000081c00000, 0x0000000100000000)
  region size 1024K, 2 young (2048K), 2 survivors (2048K)
 Metaspace       used 27074K, committed 27456K, reserved 1114112K
  class space    used 3203K, committed 3392K, reserved 1048576K
}
Event: 15.298 GC heap before
{Heap before GC invocations=7 (full 0):
 garbage-first heap   total 30720K, used 19535K [0x0000000081c00000, 0x0000000100000000)
  region size 1024K, 13 young (13312K), 2 survivors (2048K)
 Metaspace       used 31389K, committed 31808K, reserved 1114112K
  class space    used 3688K, committed 3904K, reserved 1048576K
}
Event: 15.303 GC heap after
{Heap after GC invocations=8 (full 0):
 garbage-first heap   total 30720K, used 11264K [0x0000000081c00000, 0x0000000100000000)
  region size 1024K, 2 young (2048K), 2 survivors (2048K)
 Metaspace       used 31389K, committed 31808K, reserved 1114112K
  class space    used 3688K, committed 3904K, reserved 1048576K
}
Event: 22.017 GC heap before
{Heap before GC invocations=8 (full 0):
 garbage-first heap   total 30720K, used 20480K [0x0000000081c00000, 0x0000000100000000)
  region size 1024K, 12 young (12288K), 2 survivors (2048K)
 Metaspace       used 33401K, committed 33856K, reserved 1114112K
  class space    used 3973K, committed 4224K, reserved 1048576K
}
Event: 22.021 GC heap after
{Heap after GC invocations=9 (full 0):
 garbage-first heap   total 30720K, used 12219K [0x0000000081c00000, 0x0000000100000000)
  region size 1024K, 1 young (1024K), 1 survivors (1024K)
 Metaspace       used 33401K, committed 33856K, reserved 1114112K
  class space    used 3973K, committed 4224K, reserved 1048576K
}
Event: 128.978 GC heap before
{Heap before GC invocations=9 (full 0):
 garbage-first heap   total 30720K, used 21435K [0x0000000081c00000, 0x0000000100000000)
  region size 1024K, 10 young (10240K), 1 survivors (1024K)
 Metaspace       used 34337K, committed 34816K, reserved 1114112K
  class space    used 4056K, committed 4288K, reserved 1048576K
}
Event: 128.981 GC heap after
{Heap after GC invocations=10 (full 0):
 garbage-first heap   total 30720K, used 12464K [0x0000000081c00000, 0x0000000100000000)
  region size 1024K, 2 young (2048K), 2 survivors (2048K)
 Metaspace       used 34337K, committed 34816K, reserved 1114112K
  class space    used 4056K, committed 4288K, reserved 1048576K
}
Event: 160.949 GC heap before
{Heap before GC invocations=10 (full 0):
 garbage-first heap   total 30720K, used 20656K [0x0000000081c00000, 0x0000000100000000)
  region size 1024K, 11 young (11264K), 2 survivors (2048K)
 Metaspace       used 34643K, committed 35136K, reserved 1114112K
  class space    used 4066K, committed 4288K, reserved 1048576K
}
Event: 160.952 GC heap after
{Heap after GC invocations=11 (full 0):
 garbage-first heap   total 30720K, used 12562K [0x0000000081c00000, 0x0000000100000000)
  region size 1024K, 2 young (2048K), 2 survivors (2048K)
 Metaspace       used 34643K, committed 35136K, reserved 1114112K
  class space    used 4066K, committed 4288K, reserved 1048576K
}

