<?xml version="1.0" encoding="UTF-8"?>
<testng-results ignored="0" total="1" passed="1" failed="0" skipped="0">
  <reporter-output>
  </reporter-output>
  <suite started-at="2024-09-02T14:41:38 IST" name="Default suite" finished-at="2024-09-02T14:41:38 IST" duration-ms="764">
    <groups>
    </groups>
    <test started-at="2024-09-02T14:41:38 IST" name="Default test" finished-at="2024-09-02T14:41:38 IST" duration-ms="764">
      <class name="apiMethodPractice.serialization_dataBind">
        <test-method signature="setEmployee()[pri:0, instance:apiMethodPractice.serialization_dataBind@3e27ba32]" started-at="2024-09-02T14:41:38 IST" name="setEmployee" finished-at="2024-09-02T14:41:38 IST" duration-ms="684" status="PASS">
          <reporter-output>
          </reporter-output>
        </test-method> <!-- setEmployee -->
      </class> <!-- apiMethodPractice.serialization_dataBind -->
    </test> <!-- Default test -->
  </suite> <!-- Default suite -->
</testng-results>
