<?xml version="1.0" encoding="UTF-8"?>
<testsuite name="Cucumber" time="91.664" tests="1" skipped="0" failures="0" errors="0">
<testcase classname="Validate the login functionality of ESS application" name="Validate the login functionality with valid credentials - #1.1" time="90.995">
<system-out><![CDATA[
Given User should launch the ESS application................................passed
And User retrives the required data from "Vicky" and "Credentials" and "C:\Users\Vignesh.sakthivel\eclipse-workspace\Data_contextPractice\src\test\resources\utils\Ess.xlsx".passed
When User enters the credentials and clicks on submit button................passed
Then User should navigates to the dashboard.................................passed
]]></system-out>
</testcase>
</testsuite>
